[0m03:56:17.343306 [debug] [MainThread]: Sending event: {'category': 'dbt', 'action': 'invocation', 'label': 'start', 'context': [<snowplow_tracker.self_describing_json.SelfDescribingJson object at 0x7f6e453d8cd0>, <snowplow_tracker.self_describing_json.SelfDescribingJson object at 0x7f6e457d2050>, <snowplow_tracker.self_describing_json.SelfDescribingJson object at 0x7f6e453da390>]}


============================== 03:56:17.348171 | 5c319161-db01-4d43-97cc-799951e42c93 ==============================
[0m03:56:17.348171 [info ] [MainThread]: Running with dbt=1.9.2
[0m03:56:17.348866 [debug] [MainThread]: running dbt with arguments {'printer_width': '80', 'indirect_selection': 'eager', 'log_cache_events': 'False', 'write_json': 'True', 'partial_parse': 'True', 'cache_selected_only': 'False', 'warn_error': 'None', 'version_check': 'True', 'profiles_dir': '/home/erika_erlinaa/astro/dbt', 'log_path': 'logs', 'fail_fast': 'False', 'debug': 'False', 'use_colors': 'True', 'use_experimental_parser': 'False', 'no_print': 'None', 'quiet': 'False', 'empty': 'None', 'log_format': 'default', 'invocation_command': 'dbt init online_retail', 'warn_error_options': 'WarnErrorOptions(include=[], exclude=[])', 'introspect': 'True', 'target_path': 'None', 'static_parser': 'True', 'send_anonymous_usage_stats': 'True'}
[0m03:56:17.358198 [debug] [MainThread]: Starter project path: /home/erika_erlinaa/astro/dbt/venv/lib/python3.11/site-packages/dbt/include/starter_project
[0m03:56:17.360747 [info ] [MainThread]: 
Your new dbt project "online_retail" was created!

For more information on how to configure the profiles.yml file,
please consult the dbt documentation here:

  https://docs.getdbt.com/docs/configure-your-profile

One more thing:

Need help? Don't hesitate to reach out to us via GitHub issues or on Slack:

  https://community.getdbt.com/

Happy modeling!

[0m03:56:17.361192 [info ] [MainThread]: Setting up your profile.
[0m03:57:26.317401 [info ] [MainThread]: Profile online_retail written to /home/erika_erlinaa/astro/dbt/profiles.yml using target's profile_template.yml and your supplied values. Run 'dbt debug' to validate the connection.
[0m03:57:26.320374 [debug] [MainThread]: Resource report: {"command_name": "init", "command_success": true, "command_wall_clock_time": 69.05219, "process_in_blocks": "3240", "process_kernel_time": 0.435451, "process_mem_max_rss": "207960", "process_out_blocks": "88", "process_user_time": 2.545429}
[0m03:57:26.321000 [debug] [MainThread]: Command `dbt init` succeeded at 03:57:26.320858 after 69.05 seconds
[0m03:57:26.321468 [debug] [MainThread]: Sending event: {'category': 'dbt', 'action': 'invocation', 'label': 'end', 'context': [<snowplow_tracker.self_describing_json.SelfDescribingJson object at 0x7f6e45253810>, <snowplow_tracker.self_describing_json.SelfDescribingJson object at 0x7f6e308c7d50>, <snowplow_tracker.self_describing_json.SelfDescribingJson object at 0x7f6e48cd9850>]}
[0m03:57:26.321946 [debug] [MainThread]: Flushing usage events
